
ASEM-51 V1.3                                         Copyright (c) 2002 by W.W. Heinz                                         PAGE 1





       MCS-51 Family Macro Assembler   A S E M - 5 1   V 1.3
       =====================================================



	Source File:	switch.ASM
	Object File:	switch.hex
	List File:	switch.lst



 Line  I  Addr  Code            Source

    1:		N      0000	ORG  0000H
    2:	  0000	80 3E		SJMP MAIN
    3:		N      0040	ORG  0040H
    4:	  0040	78 00		MAIN: MOV R0, #0
    5:	  0042	79 01		      MOV R1, #01H
    6:	  0044	7A 06		      MOV R2, #6
    7:	  0046	90 00 69	NEXT: MOV DPTR, #USE
    8:	  0049	E8		      MOV A, R0
    9:	  004A	93		      MOVC A, @A+DPTR
   10:	  004B	F5 80		      MOV P0, A
   11:	  004D	E9		      MOV A, R1
   12:	  004E	F5 A0		      MOV P2, A
   13:	  0050	12 00 6F	      LCALL DELAY1MS
   14:	  0053	75 80 00	      MOV P0, #00H
   15:	  0056	08		      INC R0
   16:	  0057	E9		      MOV A, R1
   17:	  0058	33		      RLC A
   18:	  0059	F9		      MOV R1, A
   19:	  005A	DA EA		      DJNZ R2, NEXT
   20:	  005C	80 E2		      SJMP MAIN
   21:	  005E	22		      RET
   22:
   23:	  005F	3F 06 5B 4F	TABLE: DB 3FH, 06H, 5BH, 4FH, 66H, 6DH, 7DH, 07H, 7FH, 6FH
	  0063	66 6D 7D 07
	  0067	7F 6F
   24:	  0069	3F 7D 06 07	USE: DB 3FH, 7DH, 06H, 07H, 4FH, 3FH
	  006D	4F 3F
   25:
   26:	  006F	C0 30		DELAY1MS:  PUSH 30H
   27:	  0071	75 30 F8	MOV 30H, #248
   28:	  0074	00		D1: NOP
   29:	  0075	00		NOP
   30:	  0076	D5 30 FB	DJNZ 30H, D1
   31:	  0079	D0 30		POP 30H
   32:	  007B	22		RET
   33:
   34:				END





                     register banks used:  ---

ASEM-51 V1.3                                         Copyright (c) 2002 by W.W. Heinz                                         PAGE 2




                     no errors




ASEM-51 V1.3                                         Copyright (c) 2002 by W.W. Heinz                                         PAGE 3





	       L I S T   O F   S Y M B O L S
	       =============================


SYMBOL				  TYPE     VALUE	LINE
------------------------------------------------------------
??ASEM_51			  NUMBER    8051
??VERSION			  NUMBER    0130
AC				  BIT	      D6
ACC				  DATA	      E0
B				  DATA	      F0
CY				  BIT	      D7
D1				  CODE	    0074	  28
DELAY1MS			  CODE	    006F	  26
DPH				  DATA	      83
DPL				  DATA	      82
EA				  BIT	      AF
ES				  BIT	      AC
ET0				  BIT	      A9
ET1				  BIT	      AB
EX0				  BIT	      A8
EX1				  BIT	      AA
EXTI0				  CODE	    0003
EXTI1				  CODE	    0013
F0				  BIT	      D5
IE				  DATA	      A8
IE0				  BIT	      89
IE1				  BIT	      8B
INT0				  BIT	      B2
INT1				  BIT	      B3
IP				  DATA	      B8
IT0				  BIT	      88
IT1				  BIT	      8A
MAIN				  CODE	    0040	   4
NEXT				  CODE	    0046	   7
OV				  BIT	      D2
P				  BIT	      D0
P0				  DATA	      80
P1				  DATA	      90
P2				  DATA	      A0
P3				  DATA	      B0
PCON				  DATA	      87
PS				  BIT	      BC
PSW				  DATA	      D0
PT0				  BIT	      B9
PT1				  BIT	      BB
PX0				  BIT	      B8
PX1				  BIT	      BA
RB8				  BIT	      9A
RD				  BIT	      B7
REN				  BIT	      9C
RESET				  CODE	    0000
RI				  BIT	      98
RS0				  BIT	      D3
RS1				  BIT	      D4
RXD				  BIT	      B0

ASEM-51 V1.3                                         Copyright (c) 2002 by W.W. Heinz                                         PAGE 4



SYMBOL				  TYPE     VALUE	LINE
------------------------------------------------------------
SBUF				  DATA	      99
SCON				  DATA	      98
SINT				  CODE	    0023
SM0				  BIT	      9F
SM1				  BIT	      9E
SM2				  BIT	      9D
SP				  DATA	      81
T0				  BIT	      B4
T1				  BIT	      B5
TABLE				  CODE	    005F	  23
TB8				  BIT	      9B
TCON				  DATA	      88
TF0				  BIT	      8D
TF1				  BIT	      8F
TH0				  DATA	      8C
TH1				  DATA	      8D
TI				  BIT	      99
TIMER0				  CODE	    000B
TIMER1				  CODE	    001B
TL0				  DATA	      8A
TL1				  DATA	      8B
TMOD				  DATA	      89
TR0				  BIT	      8C
TR1				  BIT	      8E
TXD				  BIT	      B1
USE				  CODE	    0069	  24
WR				  BIT	      B6
